2018-02-08 18:26:19 Debug: duration=0 rows=0 BEGIN
2018-02-08 18:26:19 Debug: duration=0 rows=0 COMMIT
2018-02-08 18:26:20 Debug: duration=0 rows=0 BEGIN
2018-02-08 18:26:20 Debug: duration=0 rows=0 COMMIT
2018-02-08 18:26:20 Debug: duration=0 rows=0 BEGIN
2018-02-08 18:26:20 Debug: duration=0 rows=0 COMMIT
2018-02-08 18:26:20 Debug: duration=0 rows=0 BEGIN
2018-02-08 18:26:20 Debug: duration=0 rows=0 COMMIT
2018-02-08 18:26:20 Debug: duration=0 rows=0 BEGIN
2018-02-08 18:26:20 Debug: duration=0 rows=0 COMMIT
2018-02-08 18:26:20 Debug: duration=0 rows=0 BEGIN
2018-02-08 18:26:20 Debug: duration=0 rows=0 COMMIT
2018-02-08 18:26:20 Debug: duration=0 rows=0 BEGIN
2018-02-08 18:26:20 Debug: duration=0 rows=0 COMMIT
2018-02-08 18:26:20 Debug: duration=0 rows=0 BEGIN
2018-02-08 18:26:20 Debug: duration=0 rows=0 COMMIT
2018-02-08 18:26:20 Debug: duration=0 rows=0 BEGIN
2018-02-08 18:26:20 Debug: duration=0 rows=0 COMMIT
2018-02-08 18:26:20 Debug: duration=0 rows=0 BEGIN
2018-02-08 18:26:20 Debug: duration=0 rows=0 COMMIT
2018-02-08 18:26:20 Debug: duration=0 rows=0 BEGIN
2018-02-08 18:26:20 Debug: duration=0 rows=0 COMMIT
2018-02-08 18:26:20 Debug: duration=0 rows=0 BEGIN
2018-02-08 18:26:20 Debug: duration=0 rows=0 COMMIT
2018-02-08 18:26:20 Debug: duration=0 rows=0 BEGIN
2018-02-08 18:26:20 Debug: duration=0 rows=0 COMMIT
2018-02-08 18:26:20 Debug: duration=0 rows=0 BEGIN
2018-02-08 18:26:20 Debug: duration=0 rows=0 COMMIT
2018-02-08 18:26:20 Debug: duration=0 rows=0 BEGIN
2018-02-08 18:26:20 Debug: duration=0 rows=0 COMMIT
2018-02-08 18:26:20 Debug: duration=0 rows=0 BEGIN
2018-02-08 18:26:20 Debug: duration=0 rows=0 COMMIT
2018-02-08 18:26:20 Debug: duration=0 rows=0 BEGIN
2018-02-08 18:26:20 Debug: duration=0 rows=0 COMMIT
2018-02-08 18:26:20 Debug: duration=3 rows=18 SELECT table_name as name FROM information_schema.tables WHERE table_schema = 'wiki' ORDER BY name
2018-02-08 18:26:20 Debug: duration=12 rows=10 SELECT DISTINCT table_schema AS schema,
            column_name AS name,
            data_type AS type,
            is_nullable AS null, column_default AS default,
            character_maximum_length AS char_length,
            c.collation_name,
            d.description as comment,
            ordinal_position,
            c.numeric_precision as column_precision,
            c.numeric_scale as column_scale,
            pg_get_serial_sequence(attr.attrelid::regclass::text, attr.attname) IS NOT NULL AS has_serial
        FROM information_schema.columns c
        INNER JOIN pg_catalog.pg_namespace ns ON (ns.nspname = table_schema)
        INNER JOIN pg_catalog.pg_class cl ON (cl.relnamespace = ns.oid AND cl.relname = table_name)
        LEFT JOIN pg_catalog.pg_index i ON (i.indrelid = cl.oid AND i.indkey[0] = c.ordinal_position)
        LEFT JOIN pg_catalog.pg_description d on (cl.oid = d.objoid AND d.objsubid = c.ordinal_position)
        LEFT JOIN pg_catalog.pg_attribute attr ON (cl.oid = attr.attrelid AND column_name = attr.attname)
        WHERE table_name = 'arquivos' AND table_schema = 'wiki' AND table_catalog = 'db_desenv'
        ORDER BY ordinal_position
2018-02-08 18:26:20 Debug: duration=4 rows=1 SELECT
        c2.relname,
        a.attname,
        i.indisprimary,
        i.indisunique
        FROM pg_catalog.pg_namespace n
        INNER JOIN pg_catalog.pg_class c ON (n.oid = c.relnamespace)
        INNER JOIN pg_catalog.pg_index i ON (c.oid = i.indrelid)
        INNER JOIN pg_catalog.pg_class c2 ON (c2.oid = i.indexrelid)
        INNER JOIN pg_catalog.pg_attribute a ON (a.attrelid = c.oid AND i.indrelid::regclass = a.attrelid::regclass)
        WHERE n.nspname = 'wiki'
        AND a.attnum = ANY(i.indkey)
        AND c.relname = 'arquivos'
        ORDER BY i.indisprimary DESC, i.indisunique DESC, c.relname, a.attnum
2018-02-08 18:26:20 Debug: duration=4 rows=1 SELECT
        c.conname AS name,
        c.contype AS type,
        a.attname AS column_name,
        c.confmatchtype AS match_type,
        c.confupdtype AS on_update,
        c.confdeltype AS on_delete,
        c.confrelid::regclass AS references_table,
        ab.attname AS references_field
        FROM pg_catalog.pg_namespace n
        INNER JOIN pg_catalog.pg_class cl ON (n.oid = cl.relnamespace)
        INNER JOIN pg_catalog.pg_constraint c ON (n.oid = c.connamespace)
        INNER JOIN pg_catalog.pg_attribute a ON (a.attrelid = cl.oid AND c.conrelid = a.attrelid AND a.attnum = ANY(c.conkey))
        INNER JOIN pg_catalog.pg_attribute ab ON (a.attrelid = cl.oid AND c.confrelid = ab.attrelid AND ab.attnum = ANY(c.confkey))
        WHERE n.nspname = 'wiki'
        AND cl.relname = 'arquivos'
        ORDER BY name, a.attnum, ab.attnum DESC
2018-02-08 18:26:21 Debug: duration=9 rows=3 SELECT DISTINCT table_schema AS schema,
            column_name AS name,
            data_type AS type,
            is_nullable AS null, column_default AS default,
            character_maximum_length AS char_length,
            c.collation_name,
            d.description as comment,
            ordinal_position,
            c.numeric_precision as column_precision,
            c.numeric_scale as column_scale,
            pg_get_serial_sequence(attr.attrelid::regclass::text, attr.attname) IS NOT NULL AS has_serial
        FROM information_schema.columns c
        INNER JOIN pg_catalog.pg_namespace ns ON (ns.nspname = table_schema)
        INNER JOIN pg_catalog.pg_class cl ON (cl.relnamespace = ns.oid AND cl.relname = table_name)
        LEFT JOIN pg_catalog.pg_index i ON (i.indrelid = cl.oid AND i.indkey[0] = c.ordinal_position)
        LEFT JOIN pg_catalog.pg_description d on (cl.oid = d.objoid AND d.objsubid = c.ordinal_position)
        LEFT JOIN pg_catalog.pg_attribute attr ON (cl.oid = attr.attrelid AND column_name = attr.attname)
        WHERE table_name = 'arquivos_tags' AND table_schema = 'wiki' AND table_catalog = 'db_desenv'
        ORDER BY ordinal_position
2018-02-08 18:26:21 Debug: duration=4 rows=1 SELECT
        c2.relname,
        a.attname,
        i.indisprimary,
        i.indisunique
        FROM pg_catalog.pg_namespace n
        INNER JOIN pg_catalog.pg_class c ON (n.oid = c.relnamespace)
        INNER JOIN pg_catalog.pg_index i ON (c.oid = i.indrelid)
        INNER JOIN pg_catalog.pg_class c2 ON (c2.oid = i.indexrelid)
        INNER JOIN pg_catalog.pg_attribute a ON (a.attrelid = c.oid AND i.indrelid::regclass = a.attrelid::regclass)
        WHERE n.nspname = 'wiki'
        AND a.attnum = ANY(i.indkey)
        AND c.relname = 'arquivos_tags'
        ORDER BY i.indisprimary DESC, i.indisunique DESC, c.relname, a.attnum
2018-02-08 18:26:21 Debug: duration=4 rows=2 SELECT
        c.conname AS name,
        c.contype AS type,
        a.attname AS column_name,
        c.confmatchtype AS match_type,
        c.confupdtype AS on_update,
        c.confdeltype AS on_delete,
        c.confrelid::regclass AS references_table,
        ab.attname AS references_field
        FROM pg_catalog.pg_namespace n
        INNER JOIN pg_catalog.pg_class cl ON (n.oid = cl.relnamespace)
        INNER JOIN pg_catalog.pg_constraint c ON (n.oid = c.connamespace)
        INNER JOIN pg_catalog.pg_attribute a ON (a.attrelid = cl.oid AND c.conrelid = a.attrelid AND a.attnum = ANY(c.conkey))
        INNER JOIN pg_catalog.pg_attribute ab ON (a.attrelid = cl.oid AND c.confrelid = ab.attrelid AND ab.attnum = ANY(c.confkey))
        WHERE n.nspname = 'wiki'
        AND cl.relname = 'arquivos_tags'
        ORDER BY name, a.attnum, ab.attnum DESC
2018-02-08 18:26:21 Debug: duration=13 rows=5 SELECT DISTINCT table_schema AS schema,
            column_name AS name,
            data_type AS type,
            is_nullable AS null, column_default AS default,
            character_maximum_length AS char_length,
            c.collation_name,
            d.description as comment,
            ordinal_position,
            c.numeric_precision as column_precision,
            c.numeric_scale as column_scale,
            pg_get_serial_sequence(attr.attrelid::regclass::text, attr.attname) IS NOT NULL AS has_serial
        FROM information_schema.columns c
        INNER JOIN pg_catalog.pg_namespace ns ON (ns.nspname = table_schema)
        INNER JOIN pg_catalog.pg_class cl ON (cl.relnamespace = ns.oid AND cl.relname = table_name)
        LEFT JOIN pg_catalog.pg_index i ON (i.indrelid = cl.oid AND i.indkey[0] = c.ordinal_position)
        LEFT JOIN pg_catalog.pg_description d on (cl.oid = d.objoid AND d.objsubid = c.ordinal_position)
        LEFT JOIN pg_catalog.pg_attribute attr ON (cl.oid = attr.attrelid AND column_name = attr.attname)
        WHERE table_name = 'categorias' AND table_schema = 'wiki' AND table_catalog = 'db_desenv'
        ORDER BY ordinal_position
2018-02-08 18:26:21 Debug: duration=3 rows=1 SELECT
        c2.relname,
        a.attname,
        i.indisprimary,
        i.indisunique
        FROM pg_catalog.pg_namespace n
        INNER JOIN pg_catalog.pg_class c ON (n.oid = c.relnamespace)
        INNER JOIN pg_catalog.pg_index i ON (c.oid = i.indrelid)
        INNER JOIN pg_catalog.pg_class c2 ON (c2.oid = i.indexrelid)
        INNER JOIN pg_catalog.pg_attribute a ON (a.attrelid = c.oid AND i.indrelid::regclass = a.attrelid::regclass)
        WHERE n.nspname = 'wiki'
        AND a.attnum = ANY(i.indkey)
        AND c.relname = 'categorias'
        ORDER BY i.indisprimary DESC, i.indisunique DESC, c.relname, a.attnum
2018-02-08 18:26:21 Debug: duration=4 rows=0 SELECT
        c.conname AS name,
        c.contype AS type,
        a.attname AS column_name,
        c.confmatchtype AS match_type,
        c.confupdtype AS on_update,
        c.confdeltype AS on_delete,
        c.confrelid::regclass AS references_table,
        ab.attname AS references_field
        FROM pg_catalog.pg_namespace n
        INNER JOIN pg_catalog.pg_class cl ON (n.oid = cl.relnamespace)
        INNER JOIN pg_catalog.pg_constraint c ON (n.oid = c.connamespace)
        INNER JOIN pg_catalog.pg_attribute a ON (a.attrelid = cl.oid AND c.conrelid = a.attrelid AND a.attnum = ANY(c.conkey))
        INNER JOIN pg_catalog.pg_attribute ab ON (a.attrelid = cl.oid AND c.confrelid = ab.attrelid AND ab.attnum = ANY(c.confkey))
        WHERE n.nspname = 'wiki'
        AND cl.relname = 'categorias'
        ORDER BY name, a.attnum, ab.attnum DESC
2018-02-08 18:26:21 Debug: duration=8 rows=8 SELECT DISTINCT table_schema AS schema,
            column_name AS name,
            data_type AS type,
            is_nullable AS null, column_default AS default,
            character_maximum_length AS char_length,
            c.collation_name,
            d.description as comment,
            ordinal_position,
            c.numeric_precision as column_precision,
            c.numeric_scale as column_scale,
            pg_get_serial_sequence(attr.attrelid::regclass::text, attr.attname) IS NOT NULL AS has_serial
        FROM information_schema.columns c
        INNER JOIN pg_catalog.pg_namespace ns ON (ns.nspname = table_schema)
        INNER JOIN pg_catalog.pg_class cl ON (cl.relnamespace = ns.oid AND cl.relname = table_name)
        LEFT JOIN pg_catalog.pg_index i ON (i.indrelid = cl.oid AND i.indkey[0] = c.ordinal_position)
        LEFT JOIN pg_catalog.pg_description d on (cl.oid = d.objoid AND d.objsubid = c.ordinal_position)
        LEFT JOIN pg_catalog.pg_attribute attr ON (cl.oid = attr.attrelid AND column_name = attr.attname)
        WHERE table_name = 'controladores' AND table_schema = 'wiki' AND table_catalog = 'db_desenv'
        ORDER BY ordinal_position
2018-02-08 18:26:21 Debug: duration=3 rows=1 SELECT
        c2.relname,
        a.attname,
        i.indisprimary,
        i.indisunique
        FROM pg_catalog.pg_namespace n
        INNER JOIN pg_catalog.pg_class c ON (n.oid = c.relnamespace)
        INNER JOIN pg_catalog.pg_index i ON (c.oid = i.indrelid)
        INNER JOIN pg_catalog.pg_class c2 ON (c2.oid = i.indexrelid)
        INNER JOIN pg_catalog.pg_attribute a ON (a.attrelid = c.oid AND i.indrelid::regclass = a.attrelid::regclass)
        WHERE n.nspname = 'wiki'
        AND a.attnum = ANY(i.indkey)
        AND c.relname = 'controladores'
        ORDER BY i.indisprimary DESC, i.indisunique DESC, c.relname, a.attnum
2018-02-08 18:26:21 Debug: duration=4 rows=0 SELECT
        c.conname AS name,
        c.contype AS type,
        a.attname AS column_name,
        c.confmatchtype AS match_type,
        c.confupdtype AS on_update,
        c.confdeltype AS on_delete,
        c.confrelid::regclass AS references_table,
        ab.attname AS references_field
        FROM pg_catalog.pg_namespace n
        INNER JOIN pg_catalog.pg_class cl ON (n.oid = cl.relnamespace)
        INNER JOIN pg_catalog.pg_constraint c ON (n.oid = c.connamespace)
        INNER JOIN pg_catalog.pg_attribute a ON (a.attrelid = cl.oid AND c.conrelid = a.attrelid AND a.attnum = ANY(c.conkey))
        INNER JOIN pg_catalog.pg_attribute ab ON (a.attrelid = cl.oid AND c.confrelid = ab.attrelid AND ab.attnum = ANY(c.confkey))
        WHERE n.nspname = 'wiki'
        AND cl.relname = 'controladores'
        ORDER BY name, a.attnum, ab.attnum DESC
2018-02-08 18:26:21 Debug: duration=8 rows=3 SELECT DISTINCT table_schema AS schema,
            column_name AS name,
            data_type AS type,
            is_nullable AS null, column_default AS default,
            character_maximum_length AS char_length,
            c.collation_name,
            d.description as comment,
            ordinal_position,
            c.numeric_precision as column_precision,
            c.numeric_scale as column_scale,
            pg_get_serial_sequence(attr.attrelid::regclass::text, attr.attname) IS NOT NULL AS has_serial
        FROM information_schema.columns c
        INNER JOIN pg_catalog.pg_namespace ns ON (ns.nspname = table_schema)
        INNER JOIN pg_catalog.pg_class cl ON (cl.relnamespace = ns.oid AND cl.relname = table_name)
        LEFT JOIN pg_catalog.pg_index i ON (i.indrelid = cl.oid AND i.indkey[0] = c.ordinal_position)
        LEFT JOIN pg_catalog.pg_description d on (cl.oid = d.objoid AND d.objsubid = c.ordinal_position)
        LEFT JOIN pg_catalog.pg_attribute attr ON (cl.oid = attr.attrelid AND column_name = attr.attname)
        WHERE table_name = 'controladores_grupos' AND table_schema = 'wiki' AND table_catalog = 'db_desenv'
        ORDER BY ordinal_position
2018-02-08 18:26:21 Debug: duration=3 rows=1 SELECT
        c2.relname,
        a.attname,
        i.indisprimary,
        i.indisunique
        FROM pg_catalog.pg_namespace n
        INNER JOIN pg_catalog.pg_class c ON (n.oid = c.relnamespace)
        INNER JOIN pg_catalog.pg_index i ON (c.oid = i.indrelid)
        INNER JOIN pg_catalog.pg_class c2 ON (c2.oid = i.indexrelid)
        INNER JOIN pg_catalog.pg_attribute a ON (a.attrelid = c.oid AND i.indrelid::regclass = a.attrelid::regclass)
        WHERE n.nspname = 'wiki'
        AND a.attnum = ANY(i.indkey)
        AND c.relname = 'controladores_grupos'
        ORDER BY i.indisprimary DESC, i.indisunique DESC, c.relname, a.attnum
2018-02-08 18:26:21 Debug: duration=4 rows=2 SELECT
        c.conname AS name,
        c.contype AS type,
        a.attname AS column_name,
        c.confmatchtype AS match_type,
        c.confupdtype AS on_update,
        c.confdeltype AS on_delete,
        c.confrelid::regclass AS references_table,
        ab.attname AS references_field
        FROM pg_catalog.pg_namespace n
        INNER JOIN pg_catalog.pg_class cl ON (n.oid = cl.relnamespace)
        INNER JOIN pg_catalog.pg_constraint c ON (n.oid = c.connamespace)
        INNER JOIN pg_catalog.pg_attribute a ON (a.attrelid = cl.oid AND c.conrelid = a.attrelid AND a.attnum = ANY(c.conkey))
        INNER JOIN pg_catalog.pg_attribute ab ON (a.attrelid = cl.oid AND c.confrelid = ab.attrelid AND ab.attnum = ANY(c.confkey))
        WHERE n.nspname = 'wiki'
        AND cl.relname = 'controladores_grupos'
        ORDER BY name, a.attnum, ab.attnum DESC
2018-02-08 18:26:21 Debug: duration=8 rows=7 SELECT DISTINCT table_schema AS schema,
            column_name AS name,
            data_type AS type,
            is_nullable AS null, column_default AS default,
            character_maximum_length AS char_length,
            c.collation_name,
            d.description as comment,
            ordinal_position,
            c.numeric_precision as column_precision,
            c.numeric_scale as column_scale,
            pg_get_serial_sequence(attr.attrelid::regclass::text, attr.attname) IS NOT NULL AS has_serial
        FROM information_schema.columns c
        INNER JOIN pg_catalog.pg_namespace ns ON (ns.nspname = table_schema)
        INNER JOIN pg_catalog.pg_class cl ON (cl.relnamespace = ns.oid AND cl.relname = table_name)
        LEFT JOIN pg_catalog.pg_index i ON (i.indrelid = cl.oid AND i.indkey[0] = c.ordinal_position)
        LEFT JOIN pg_catalog.pg_description d on (cl.oid = d.objoid AND d.objsubid = c.ordinal_position)
        LEFT JOIN pg_catalog.pg_attribute attr ON (cl.oid = attr.attrelid AND column_name = attr.attname)
        WHERE table_name = 'grupos' AND table_schema = 'wiki' AND table_catalog = 'db_desenv'
        ORDER BY ordinal_position
2018-02-08 18:26:21 Debug: duration=3 rows=1 SELECT
        c2.relname,
        a.attname,
        i.indisprimary,
        i.indisunique
        FROM pg_catalog.pg_namespace n
        INNER JOIN pg_catalog.pg_class c ON (n.oid = c.relnamespace)
        INNER JOIN pg_catalog.pg_index i ON (c.oid = i.indrelid)
        INNER JOIN pg_catalog.pg_class c2 ON (c2.oid = i.indexrelid)
        INNER JOIN pg_catalog.pg_attribute a ON (a.attrelid = c.oid AND i.indrelid::regclass = a.attrelid::regclass)
        WHERE n.nspname = 'wiki'
        AND a.attnum = ANY(i.indkey)
        AND c.relname = 'grupos'
        ORDER BY i.indisprimary DESC, i.indisunique DESC, c.relname, a.attnum
2018-02-08 18:26:21 Debug: duration=4 rows=0 SELECT
        c.conname AS name,
        c.contype AS type,
        a.attname AS column_name,
        c.confmatchtype AS match_type,
        c.confupdtype AS on_update,
        c.confdeltype AS on_delete,
        c.confrelid::regclass AS references_table,
        ab.attname AS references_field
        FROM pg_catalog.pg_namespace n
        INNER JOIN pg_catalog.pg_class cl ON (n.oid = cl.relnamespace)
        INNER JOIN pg_catalog.pg_constraint c ON (n.oid = c.connamespace)
        INNER JOIN pg_catalog.pg_attribute a ON (a.attrelid = cl.oid AND c.conrelid = a.attrelid AND a.attnum = ANY(c.conkey))
        INNER JOIN pg_catalog.pg_attribute ab ON (a.attrelid = cl.oid AND c.confrelid = ab.attrelid AND ab.attnum = ANY(c.confkey))
        WHERE n.nspname = 'wiki'
        AND cl.relname = 'grupos'
        ORDER BY name, a.attnum, ab.attnum DESC
2018-02-08 18:26:21 Debug: duration=9 rows=3 SELECT DISTINCT table_schema AS schema,
            column_name AS name,
            data_type AS type,
            is_nullable AS null, column_default AS default,
            character_maximum_length AS char_length,
            c.collation_name,
            d.description as comment,
            ordinal_position,
            c.numeric_precision as column_precision,
            c.numeric_scale as column_scale,
            pg_get_serial_sequence(attr.attrelid::regclass::text, attr.attname) IS NOT NULL AS has_serial
        FROM information_schema.columns c
        INNER JOIN pg_catalog.pg_namespace ns ON (ns.nspname = table_schema)
        INNER JOIN pg_catalog.pg_class cl ON (cl.relnamespace = ns.oid AND cl.relname = table_name)
        LEFT JOIN pg_catalog.pg_index i ON (i.indrelid = cl.oid AND i.indkey[0] = c.ordinal_position)
        LEFT JOIN pg_catalog.pg_description d on (cl.oid = d.objoid AND d.objsubid = c.ordinal_position)
        LEFT JOIN pg_catalog.pg_attribute attr ON (cl.oid = attr.attrelid AND column_name = attr.attname)
        WHERE table_name = 'grupos_usuarios' AND table_schema = 'wiki' AND table_catalog = 'db_desenv'
        ORDER BY ordinal_position
2018-02-08 18:26:21 Debug: duration=4 rows=1 SELECT
        c2.relname,
        a.attname,
        i.indisprimary,
        i.indisunique
        FROM pg_catalog.pg_namespace n
        INNER JOIN pg_catalog.pg_class c ON (n.oid = c.relnamespace)
        INNER JOIN pg_catalog.pg_index i ON (c.oid = i.indrelid)
        INNER JOIN pg_catalog.pg_class c2 ON (c2.oid = i.indexrelid)
        INNER JOIN pg_catalog.pg_attribute a ON (a.attrelid = c.oid AND i.indrelid::regclass = a.attrelid::regclass)
        WHERE n.nspname = 'wiki'
        AND a.attnum = ANY(i.indkey)
        AND c.relname = 'grupos_usuarios'
        ORDER BY i.indisprimary DESC, i.indisunique DESC, c.relname, a.attnum
2018-02-08 18:26:21 Debug: duration=4 rows=2 SELECT
        c.conname AS name,
        c.contype AS type,
        a.attname AS column_name,
        c.confmatchtype AS match_type,
        c.confupdtype AS on_update,
        c.confdeltype AS on_delete,
        c.confrelid::regclass AS references_table,
        ab.attname AS references_field
        FROM pg_catalog.pg_namespace n
        INNER JOIN pg_catalog.pg_class cl ON (n.oid = cl.relnamespace)
        INNER JOIN pg_catalog.pg_constraint c ON (n.oid = c.connamespace)
        INNER JOIN pg_catalog.pg_attribute a ON (a.attrelid = cl.oid AND c.conrelid = a.attrelid AND a.attnum = ANY(c.conkey))
        INNER JOIN pg_catalog.pg_attribute ab ON (a.attrelid = cl.oid AND c.confrelid = ab.attrelid AND ab.attnum = ANY(c.confkey))
        WHERE n.nspname = 'wiki'
        AND cl.relname = 'grupos_usuarios'
        ORDER BY name, a.attnum, ab.attnum DESC
2018-02-08 18:26:21 Debug: duration=9 rows=9 SELECT DISTINCT table_schema AS schema,
            column_name AS name,
            data_type AS type,
            is_nullable AS null, column_default AS default,
            character_maximum_length AS char_length,
            c.collation_name,
            d.description as comment,
            ordinal_position,
            c.numeric_precision as column_precision,
            c.numeric_scale as column_scale,
            pg_get_serial_sequence(attr.attrelid::regclass::text, attr.attname) IS NOT NULL AS has_serial
        FROM information_schema.columns c
        INNER JOIN pg_catalog.pg_namespace ns ON (ns.nspname = table_schema)
        INNER JOIN pg_catalog.pg_class cl ON (cl.relnamespace = ns.oid AND cl.relname = table_name)
        LEFT JOIN pg_catalog.pg_index i ON (i.indrelid = cl.oid AND i.indkey[0] = c.ordinal_position)
        LEFT JOIN pg_catalog.pg_description d on (cl.oid = d.objoid AND d.objsubid = c.ordinal_position)
        LEFT JOIN pg_catalog.pg_attribute attr ON (cl.oid = attr.attrelid AND column_name = attr.attname)
        WHERE table_name = 'menus' AND table_schema = 'wiki' AND table_catalog = 'db_desenv'
        ORDER BY ordinal_position
2018-02-08 18:26:21 Debug: duration=5 rows=1 SELECT
        c2.relname,
        a.attname,
        i.indisprimary,
        i.indisunique
        FROM pg_catalog.pg_namespace n
        INNER JOIN pg_catalog.pg_class c ON (n.oid = c.relnamespace)
        INNER JOIN pg_catalog.pg_index i ON (c.oid = i.indrelid)
        INNER JOIN pg_catalog.pg_class c2 ON (c2.oid = i.indexrelid)
        INNER JOIN pg_catalog.pg_attribute a ON (a.attrelid = c.oid AND i.indrelid::regclass = a.attrelid::regclass)
        WHERE n.nspname = 'wiki'
        AND a.attnum = ANY(i.indkey)
        AND c.relname = 'menus'
        ORDER BY i.indisprimary DESC, i.indisunique DESC, c.relname, a.attnum
2018-02-08 18:26:21 Debug: duration=4 rows=0 SELECT
        c.conname AS name,
        c.contype AS type,
        a.attname AS column_name,
        c.confmatchtype AS match_type,
        c.confupdtype AS on_update,
        c.confdeltype AS on_delete,
        c.confrelid::regclass AS references_table,
        ab.attname AS references_field
        FROM pg_catalog.pg_namespace n
        INNER JOIN pg_catalog.pg_class cl ON (n.oid = cl.relnamespace)
        INNER JOIN pg_catalog.pg_constraint c ON (n.oid = c.connamespace)
        INNER JOIN pg_catalog.pg_attribute a ON (a.attrelid = cl.oid AND c.conrelid = a.attrelid AND a.attnum = ANY(c.conkey))
        INNER JOIN pg_catalog.pg_attribute ab ON (a.attrelid = cl.oid AND c.confrelid = ab.attrelid AND ab.attnum = ANY(c.confkey))
        WHERE n.nspname = 'wiki'
        AND cl.relname = 'menus'
        ORDER BY name, a.attnum, ab.attnum DESC
2018-02-08 18:26:21 Debug: duration=10 rows=3 SELECT DISTINCT table_schema AS schema,
            column_name AS name,
            data_type AS type,
            is_nullable AS null, column_default AS default,
            character_maximum_length AS char_length,
            c.collation_name,
            d.description as comment,
            ordinal_position,
            c.numeric_precision as column_precision,
            c.numeric_scale as column_scale,
            pg_get_serial_sequence(attr.attrelid::regclass::text, attr.attname) IS NOT NULL AS has_serial
        FROM information_schema.columns c
        INNER JOIN pg_catalog.pg_namespace ns ON (ns.nspname = table_schema)
        INNER JOIN pg_catalog.pg_class cl ON (cl.relnamespace = ns.oid AND cl.relname = table_name)
        LEFT JOIN pg_catalog.pg_index i ON (i.indrelid = cl.oid AND i.indkey[0] = c.ordinal_position)
        LEFT JOIN pg_catalog.pg_description d on (cl.oid = d.objoid AND d.objsubid = c.ordinal_position)
        LEFT JOIN pg_catalog.pg_attribute attr ON (cl.oid = attr.attrelid AND column_name = attr.attname)
        WHERE table_name = 'menus_grupos' AND table_schema = 'wiki' AND table_catalog = 'db_desenv'
        ORDER BY ordinal_position
2018-02-08 18:26:21 Debug: duration=4 rows=1 SELECT
        c2.relname,
        a.attname,
        i.indisprimary,
        i.indisunique
        FROM pg_catalog.pg_namespace n
        INNER JOIN pg_catalog.pg_class c ON (n.oid = c.relnamespace)
        INNER JOIN pg_catalog.pg_index i ON (c.oid = i.indrelid)
        INNER JOIN pg_catalog.pg_class c2 ON (c2.oid = i.indexrelid)
        INNER JOIN pg_catalog.pg_attribute a ON (a.attrelid = c.oid AND i.indrelid::regclass = a.attrelid::regclass)
        WHERE n.nspname = 'wiki'
        AND a.attnum = ANY(i.indkey)
        AND c.relname = 'menus_grupos'
        ORDER BY i.indisprimary DESC, i.indisunique DESC, c.relname, a.attnum
2018-02-08 18:26:21 Debug: duration=5 rows=2 SELECT
        c.conname AS name,
        c.contype AS type,
        a.attname AS column_name,
        c.confmatchtype AS match_type,
        c.confupdtype AS on_update,
        c.confdeltype AS on_delete,
        c.confrelid::regclass AS references_table,
        ab.attname AS references_field
        FROM pg_catalog.pg_namespace n
        INNER JOIN pg_catalog.pg_class cl ON (n.oid = cl.relnamespace)
        INNER JOIN pg_catalog.pg_constraint c ON (n.oid = c.connamespace)
        INNER JOIN pg_catalog.pg_attribute a ON (a.attrelid = cl.oid AND c.conrelid = a.attrelid AND a.attnum = ANY(c.conkey))
        INNER JOIN pg_catalog.pg_attribute ab ON (a.attrelid = cl.oid AND c.confrelid = ab.attrelid AND ab.attnum = ANY(c.confkey))
        WHERE n.nspname = 'wiki'
        AND cl.relname = 'menus_grupos'
        ORDER BY name, a.attnum, ab.attnum DESC
2018-02-08 18:26:21 Debug: duration=10 rows=4 SELECT DISTINCT table_schema AS schema,
            column_name AS name,
            data_type AS type,
            is_nullable AS null, column_default AS default,
            character_maximum_length AS char_length,
            c.collation_name,
            d.description as comment,
            ordinal_position,
            c.numeric_precision as column_precision,
            c.numeric_scale as column_scale,
            pg_get_serial_sequence(attr.attrelid::regclass::text, attr.attname) IS NOT NULL AS has_serial
        FROM information_schema.columns c
        INNER JOIN pg_catalog.pg_namespace ns ON (ns.nspname = table_schema)
        INNER JOIN pg_catalog.pg_class cl ON (cl.relnamespace = ns.oid AND cl.relname = table_name)
        LEFT JOIN pg_catalog.pg_index i ON (i.indrelid = cl.oid AND i.indkey[0] = c.ordinal_position)
        LEFT JOIN pg_catalog.pg_description d on (cl.oid = d.objoid AND d.objsubid = c.ordinal_position)
        LEFT JOIN pg_catalog.pg_attribute attr ON (cl.oid = attr.attrelid AND column_name = attr.attname)
        WHERE table_name = 'mimes' AND table_schema = 'wiki' AND table_catalog = 'db_desenv'
        ORDER BY ordinal_position
2018-02-08 18:26:21 Debug: duration=4 rows=1 SELECT
        c2.relname,
        a.attname,
        i.indisprimary,
        i.indisunique
        FROM pg_catalog.pg_namespace n
        INNER JOIN pg_catalog.pg_class c ON (n.oid = c.relnamespace)
        INNER JOIN pg_catalog.pg_index i ON (c.oid = i.indrelid)
        INNER JOIN pg_catalog.pg_class c2 ON (c2.oid = i.indexrelid)
        INNER JOIN pg_catalog.pg_attribute a ON (a.attrelid = c.oid AND i.indrelid::regclass = a.attrelid::regclass)
        WHERE n.nspname = 'wiki'
        AND a.attnum = ANY(i.indkey)
        AND c.relname = 'mimes'
        ORDER BY i.indisprimary DESC, i.indisunique DESC, c.relname, a.attnum
2018-02-08 18:26:21 Debug: duration=4 rows=0 SELECT
        c.conname AS name,
        c.contype AS type,
        a.attname AS column_name,
        c.confmatchtype AS match_type,
        c.confupdtype AS on_update,
        c.confdeltype AS on_delete,
        c.confrelid::regclass AS references_table,
        ab.attname AS references_field
        FROM pg_catalog.pg_namespace n
        INNER JOIN pg_catalog.pg_class cl ON (n.oid = cl.relnamespace)
        INNER JOIN pg_catalog.pg_constraint c ON (n.oid = c.connamespace)
        INNER JOIN pg_catalog.pg_attribute a ON (a.attrelid = cl.oid AND c.conrelid = a.attrelid AND a.attnum = ANY(c.conkey))
        INNER JOIN pg_catalog.pg_attribute ab ON (a.attrelid = cl.oid AND c.confrelid = ab.attrelid AND ab.attnum = ANY(c.confkey))
        WHERE n.nspname = 'wiki'
        AND cl.relname = 'mimes'
        ORDER BY name, a.attnum, ab.attnum DESC
2018-02-08 18:26:21 Debug: duration=10 rows=7 SELECT DISTINCT table_schema AS schema,
            column_name AS name,
            data_type AS type,
            is_nullable AS null, column_default AS default,
            character_maximum_length AS char_length,
            c.collation_name,
            d.description as comment,
            ordinal_position,
            c.numeric_precision as column_precision,
            c.numeric_scale as column_scale,
            pg_get_serial_sequence(attr.attrelid::regclass::text, attr.attname) IS NOT NULL AS has_serial
        FROM information_schema.columns c
        INNER JOIN pg_catalog.pg_namespace ns ON (ns.nspname = table_schema)
        INNER JOIN pg_catalog.pg_class cl ON (cl.relnamespace = ns.oid AND cl.relname = table_name)
        LEFT JOIN pg_catalog.pg_index i ON (i.indrelid = cl.oid AND i.indkey[0] = c.ordinal_position)
        LEFT JOIN pg_catalog.pg_description d on (cl.oid = d.objoid AND d.objsubid = c.ordinal_position)
        LEFT JOIN pg_catalog.pg_attribute attr ON (cl.oid = attr.attrelid AND column_name = attr.attname)
        WHERE table_name = 'paginas' AND table_schema = 'wiki' AND table_catalog = 'db_desenv'
        ORDER BY ordinal_position
2018-02-08 18:26:21 Debug: duration=4 rows=1 SELECT
        c2.relname,
        a.attname,
        i.indisprimary,
        i.indisunique
        FROM pg_catalog.pg_namespace n
        INNER JOIN pg_catalog.pg_class c ON (n.oid = c.relnamespace)
        INNER JOIN pg_catalog.pg_index i ON (c.oid = i.indrelid)
        INNER JOIN pg_catalog.pg_class c2 ON (c2.oid = i.indexrelid)
        INNER JOIN pg_catalog.pg_attribute a ON (a.attrelid = c.oid AND i.indrelid::regclass = a.attrelid::regclass)
        WHERE n.nspname = 'wiki'
        AND a.attnum = ANY(i.indkey)
        AND c.relname = 'paginas'
        ORDER BY i.indisprimary DESC, i.indisunique DESC, c.relname, a.attnum
2018-02-08 18:26:21 Debug: duration=21 rows=0 SELECT
        c.conname AS name,
        c.contype AS type,
        a.attname AS column_name,
        c.confmatchtype AS match_type,
        c.confupdtype AS on_update,
        c.confdeltype AS on_delete,
        c.confrelid::regclass AS references_table,
        ab.attname AS references_field
        FROM pg_catalog.pg_namespace n
        INNER JOIN pg_catalog.pg_class cl ON (n.oid = cl.relnamespace)
        INNER JOIN pg_catalog.pg_constraint c ON (n.oid = c.connamespace)
        INNER JOIN pg_catalog.pg_attribute a ON (a.attrelid = cl.oid AND c.conrelid = a.attrelid AND a.attnum = ANY(c.conkey))
        INNER JOIN pg_catalog.pg_attribute ab ON (a.attrelid = cl.oid AND c.confrelid = ab.attrelid AND ab.attnum = ANY(c.confkey))
        WHERE n.nspname = 'wiki'
        AND cl.relname = 'paginas'
        ORDER BY name, a.attnum, ab.attnum DESC
2018-02-08 18:26:21 Debug: duration=10 rows=4 SELECT DISTINCT table_schema AS schema,
            column_name AS name,
            data_type AS type,
            is_nullable AS null, column_default AS default,
            character_maximum_length AS char_length,
            c.collation_name,
            d.description as comment,
            ordinal_position,
            c.numeric_precision as column_precision,
            c.numeric_scale as column_scale,
            pg_get_serial_sequence(attr.attrelid::regclass::text, attr.attname) IS NOT NULL AS has_serial
        FROM information_schema.columns c
        INNER JOIN pg_catalog.pg_namespace ns ON (ns.nspname = table_schema)
        INNER JOIN pg_catalog.pg_class cl ON (cl.relnamespace = ns.oid AND cl.relname = table_name)
        LEFT JOIN pg_catalog.pg_index i ON (i.indrelid = cl.oid AND i.indkey[0] = c.ordinal_position)
        LEFT JOIN pg_catalog.pg_description d on (cl.oid = d.objoid AND d.objsubid = c.ordinal_position)
        LEFT JOIN pg_catalog.pg_attribute attr ON (cl.oid = attr.attrelid AND column_name = attr.attname)
        WHERE table_name = 'paginas_usuarios' AND table_schema = 'wiki' AND table_catalog = 'db_desenv'
        ORDER BY ordinal_position
2018-02-08 18:26:21 Debug: duration=4 rows=1 SELECT
        c2.relname,
        a.attname,
        i.indisprimary,
        i.indisunique
        FROM pg_catalog.pg_namespace n
        INNER JOIN pg_catalog.pg_class c ON (n.oid = c.relnamespace)
        INNER JOIN pg_catalog.pg_index i ON (c.oid = i.indrelid)
        INNER JOIN pg_catalog.pg_class c2 ON (c2.oid = i.indexrelid)
        INNER JOIN pg_catalog.pg_attribute a ON (a.attrelid = c.oid AND i.indrelid::regclass = a.attrelid::regclass)
        WHERE n.nspname = 'wiki'
        AND a.attnum = ANY(i.indkey)
        AND c.relname = 'paginas_usuarios'
        ORDER BY i.indisprimary DESC, i.indisunique DESC, c.relname, a.attnum
2018-02-08 18:26:21 Debug: duration=4 rows=2 SELECT
        c.conname AS name,
        c.contype AS type,
        a.attname AS column_name,
        c.confmatchtype AS match_type,
        c.confupdtype AS on_update,
        c.confdeltype AS on_delete,
        c.confrelid::regclass AS references_table,
        ab.attname AS references_field
        FROM pg_catalog.pg_namespace n
        INNER JOIN pg_catalog.pg_class cl ON (n.oid = cl.relnamespace)
        INNER JOIN pg_catalog.pg_constraint c ON (n.oid = c.connamespace)
        INNER JOIN pg_catalog.pg_attribute a ON (a.attrelid = cl.oid AND c.conrelid = a.attrelid AND a.attnum = ANY(c.conkey))
        INNER JOIN pg_catalog.pg_attribute ab ON (a.attrelid = cl.oid AND c.confrelid = ab.attrelid AND ab.attnum = ANY(c.confkey))
        WHERE n.nspname = 'wiki'
        AND cl.relname = 'paginas_usuarios'
        ORDER BY name, a.attnum, ab.attnum DESC
2018-02-08 18:26:21 Debug: duration=11 rows=10 SELECT DISTINCT table_schema AS schema,
            column_name AS name,
            data_type AS type,
            is_nullable AS null, column_default AS default,
            character_maximum_length AS char_length,
            c.collation_name,
            d.description as comment,
            ordinal_position,
            c.numeric_precision as column_precision,
            c.numeric_scale as column_scale,
            pg_get_serial_sequence(attr.attrelid::regclass::text, attr.attname) IS NOT NULL AS has_serial
        FROM information_schema.columns c
        INNER JOIN pg_catalog.pg_namespace ns ON (ns.nspname = table_schema)
        INNER JOIN pg_catalog.pg_class cl ON (cl.relnamespace = ns.oid AND cl.relname = table_name)
        LEFT JOIN pg_catalog.pg_index i ON (i.indrelid = cl.oid AND i.indkey[0] = c.ordinal_position)
        LEFT JOIN pg_catalog.pg_description d on (cl.oid = d.objoid AND d.objsubid = c.ordinal_position)
        LEFT JOIN pg_catalog.pg_attribute attr ON (cl.oid = attr.attrelid AND column_name = attr.attname)
        WHERE table_name = 'parametros' AND table_schema = 'wiki' AND table_catalog = 'db_desenv'
        ORDER BY ordinal_position
2018-02-08 18:26:21 Debug: duration=4 rows=1 SELECT
        c2.relname,
        a.attname,
        i.indisprimary,
        i.indisunique
        FROM pg_catalog.pg_namespace n
        INNER JOIN pg_catalog.pg_class c ON (n.oid = c.relnamespace)
        INNER JOIN pg_catalog.pg_index i ON (c.oid = i.indrelid)
        INNER JOIN pg_catalog.pg_class c2 ON (c2.oid = i.indexrelid)
        INNER JOIN pg_catalog.pg_attribute a ON (a.attrelid = c.oid AND i.indrelid::regclass = a.attrelid::regclass)
        WHERE n.nspname = 'wiki'
        AND a.attnum = ANY(i.indkey)
        AND c.relname = 'parametros'
        ORDER BY i.indisprimary DESC, i.indisunique DESC, c.relname, a.attnum
2018-02-08 18:26:21 Debug: duration=4 rows=0 SELECT
        c.conname AS name,
        c.contype AS type,
        a.attname AS column_name,
        c.confmatchtype AS match_type,
        c.confupdtype AS on_update,
        c.confdeltype AS on_delete,
        c.confrelid::regclass AS references_table,
        ab.attname AS references_field
        FROM pg_catalog.pg_namespace n
        INNER JOIN pg_catalog.pg_class cl ON (n.oid = cl.relnamespace)
        INNER JOIN pg_catalog.pg_constraint c ON (n.oid = c.connamespace)
        INNER JOIN pg_catalog.pg_attribute a ON (a.attrelid = cl.oid AND c.conrelid = a.attrelid AND a.attnum = ANY(c.conkey))
        INNER JOIN pg_catalog.pg_attribute ab ON (a.attrelid = cl.oid AND c.confrelid = ab.attrelid AND ab.attnum = ANY(c.confkey))
        WHERE n.nspname = 'wiki'
        AND cl.relname = 'parametros'
        ORDER BY name, a.attnum, ab.attnum DESC
2018-02-08 18:26:21 Debug: duration=21 rows=3 SELECT DISTINCT table_schema AS schema,
            column_name AS name,
            data_type AS type,
            is_nullable AS null, column_default AS default,
            character_maximum_length AS char_length,
            c.collation_name,
            d.description as comment,
            ordinal_position,
            c.numeric_precision as column_precision,
            c.numeric_scale as column_scale,
            pg_get_serial_sequence(attr.attrelid::regclass::text, attr.attname) IS NOT NULL AS has_serial
        FROM information_schema.columns c
        INNER JOIN pg_catalog.pg_namespace ns ON (ns.nspname = table_schema)
        INNER JOIN pg_catalog.pg_class cl ON (cl.relnamespace = ns.oid AND cl.relname = table_name)
        LEFT JOIN pg_catalog.pg_index i ON (i.indrelid = cl.oid AND i.indkey[0] = c.ordinal_position)
        LEFT JOIN pg_catalog.pg_description d on (cl.oid = d.objoid AND d.objsubid = c.ordinal_position)
        LEFT JOIN pg_catalog.pg_attribute attr ON (cl.oid = attr.attrelid AND column_name = attr.attname)
        WHERE table_name = 'ramais' AND table_schema = 'wiki' AND table_catalog = 'db_desenv'
        ORDER BY ordinal_position
2018-02-08 18:26:21 Debug: duration=14 rows=1 SELECT
        c2.relname,
        a.attname,
        i.indisprimary,
        i.indisunique
        FROM pg_catalog.pg_namespace n
        INNER JOIN pg_catalog.pg_class c ON (n.oid = c.relnamespace)
        INNER JOIN pg_catalog.pg_index i ON (c.oid = i.indrelid)
        INNER JOIN pg_catalog.pg_class c2 ON (c2.oid = i.indexrelid)
        INNER JOIN pg_catalog.pg_attribute a ON (a.attrelid = c.oid AND i.indrelid::regclass = a.attrelid::regclass)
        WHERE n.nspname = 'wiki'
        AND a.attnum = ANY(i.indkey)
        AND c.relname = 'ramais'
        ORDER BY i.indisprimary DESC, i.indisunique DESC, c.relname, a.attnum
2018-02-08 18:26:21 Debug: duration=4 rows=0 SELECT
        c.conname AS name,
        c.contype AS type,
        a.attname AS column_name,
        c.confmatchtype AS match_type,
        c.confupdtype AS on_update,
        c.confdeltype AS on_delete,
        c.confrelid::regclass AS references_table,
        ab.attname AS references_field
        FROM pg_catalog.pg_namespace n
        INNER JOIN pg_catalog.pg_class cl ON (n.oid = cl.relnamespace)
        INNER JOIN pg_catalog.pg_constraint c ON (n.oid = c.connamespace)
        INNER JOIN pg_catalog.pg_attribute a ON (a.attrelid = cl.oid AND c.conrelid = a.attrelid AND a.attnum = ANY(c.conkey))
        INNER JOIN pg_catalog.pg_attribute ab ON (a.attrelid = cl.oid AND c.confrelid = ab.attrelid AND ab.attnum = ANY(c.confkey))
        WHERE n.nspname = 'wiki'
        AND cl.relname = 'ramais'
        ORDER BY name, a.attnum, ab.attnum DESC
2018-02-08 18:26:21 Debug: duration=9 rows=5 SELECT DISTINCT table_schema AS schema,
            column_name AS name,
            data_type AS type,
            is_nullable AS null, column_default AS default,
            character_maximum_length AS char_length,
            c.collation_name,
            d.description as comment,
            ordinal_position,
            c.numeric_precision as column_precision,
            c.numeric_scale as column_scale,
            pg_get_serial_sequence(attr.attrelid::regclass::text, attr.attname) IS NOT NULL AS has_serial
        FROM information_schema.columns c
        INNER JOIN pg_catalog.pg_namespace ns ON (ns.nspname = table_schema)
        INNER JOIN pg_catalog.pg_class cl ON (cl.relnamespace = ns.oid AND cl.relname = table_name)
        LEFT JOIN pg_catalog.pg_index i ON (i.indrelid = cl.oid AND i.indkey[0] = c.ordinal_position)
        LEFT JOIN pg_catalog.pg_description d on (cl.oid = d.objoid AND d.objsubid = c.ordinal_position)
        LEFT JOIN pg_catalog.pg_attribute attr ON (cl.oid = attr.attrelid AND column_name = attr.attname)
        WHERE table_name = 'tags' AND table_schema = 'wiki' AND table_catalog = 'db_desenv'
        ORDER BY ordinal_position
2018-02-08 18:26:21 Debug: duration=38 rows=1 SELECT
        c2.relname,
        a.attname,
        i.indisprimary,
        i.indisunique
        FROM pg_catalog.pg_namespace n
        INNER JOIN pg_catalog.pg_class c ON (n.oid = c.relnamespace)
        INNER JOIN pg_catalog.pg_index i ON (c.oid = i.indrelid)
        INNER JOIN pg_catalog.pg_class c2 ON (c2.oid = i.indexrelid)
        INNER JOIN pg_catalog.pg_attribute a ON (a.attrelid = c.oid AND i.indrelid::regclass = a.attrelid::regclass)
        WHERE n.nspname = 'wiki'
        AND a.attnum = ANY(i.indkey)
        AND c.relname = 'tags'
        ORDER BY i.indisprimary DESC, i.indisunique DESC, c.relname, a.attnum
2018-02-08 18:26:21 Debug: duration=5 rows=0 SELECT
        c.conname AS name,
        c.contype AS type,
        a.attname AS column_name,
        c.confmatchtype AS match_type,
        c.confupdtype AS on_update,
        c.confdeltype AS on_delete,
        c.confrelid::regclass AS references_table,
        ab.attname AS references_field
        FROM pg_catalog.pg_namespace n
        INNER JOIN pg_catalog.pg_class cl ON (n.oid = cl.relnamespace)
        INNER JOIN pg_catalog.pg_constraint c ON (n.oid = c.connamespace)
        INNER JOIN pg_catalog.pg_attribute a ON (a.attrelid = cl.oid AND c.conrelid = a.attrelid AND a.attnum = ANY(c.conkey))
        INNER JOIN pg_catalog.pg_attribute ab ON (a.attrelid = cl.oid AND c.confrelid = ab.attrelid AND ab.attnum = ANY(c.confkey))
        WHERE n.nspname = 'wiki'
        AND cl.relname = 'tags'
        ORDER BY name, a.attnum, ab.attnum DESC
2018-02-08 18:26:21 Debug: duration=9 rows=3 SELECT DISTINCT table_schema AS schema,
            column_name AS name,
            data_type AS type,
            is_nullable AS null, column_default AS default,
            character_maximum_length AS char_length,
            c.collation_name,
            d.description as comment,
            ordinal_position,
            c.numeric_precision as column_precision,
            c.numeric_scale as column_scale,
            pg_get_serial_sequence(attr.attrelid::regclass::text, attr.attname) IS NOT NULL AS has_serial
        FROM information_schema.columns c
        INNER JOIN pg_catalog.pg_namespace ns ON (ns.nspname = table_schema)
        INNER JOIN pg_catalog.pg_class cl ON (cl.relnamespace = ns.oid AND cl.relname = table_name)
        LEFT JOIN pg_catalog.pg_index i ON (i.indrelid = cl.oid AND i.indkey[0] = c.ordinal_position)
        LEFT JOIN pg_catalog.pg_description d on (cl.oid = d.objoid AND d.objsubid = c.ordinal_position)
        LEFT JOIN pg_catalog.pg_attribute attr ON (cl.oid = attr.attrelid AND column_name = attr.attname)
        WHERE table_name = 'tags_paginas' AND table_schema = 'wiki' AND table_catalog = 'db_desenv'
        ORDER BY ordinal_position
2018-02-08 18:26:21 Debug: duration=4 rows=1 SELECT
        c2.relname,
        a.attname,
        i.indisprimary,
        i.indisunique
        FROM pg_catalog.pg_namespace n
        INNER JOIN pg_catalog.pg_class c ON (n.oid = c.relnamespace)
        INNER JOIN pg_catalog.pg_index i ON (c.oid = i.indrelid)
        INNER JOIN pg_catalog.pg_class c2 ON (c2.oid = i.indexrelid)
        INNER JOIN pg_catalog.pg_attribute a ON (a.attrelid = c.oid AND i.indrelid::regclass = a.attrelid::regclass)
        WHERE n.nspname = 'wiki'
        AND a.attnum = ANY(i.indkey)
        AND c.relname = 'tags_paginas'
        ORDER BY i.indisprimary DESC, i.indisunique DESC, c.relname, a.attnum
2018-02-08 18:26:21 Debug: duration=17 rows=2 SELECT
        c.conname AS name,
        c.contype AS type,
        a.attname AS column_name,
        c.confmatchtype AS match_type,
        c.confupdtype AS on_update,
        c.confdeltype AS on_delete,
        c.confrelid::regclass AS references_table,
        ab.attname AS references_field
        FROM pg_catalog.pg_namespace n
        INNER JOIN pg_catalog.pg_class cl ON (n.oid = cl.relnamespace)
        INNER JOIN pg_catalog.pg_constraint c ON (n.oid = c.connamespace)
        INNER JOIN pg_catalog.pg_attribute a ON (a.attrelid = cl.oid AND c.conrelid = a.attrelid AND a.attnum = ANY(c.conkey))
        INNER JOIN pg_catalog.pg_attribute ab ON (a.attrelid = cl.oid AND c.confrelid = ab.attrelid AND ab.attnum = ANY(c.confkey))
        WHERE n.nspname = 'wiki'
        AND cl.relname = 'tags_paginas'
        ORDER BY name, a.attnum, ab.attnum DESC
2018-02-08 18:26:21 Debug: duration=9 rows=5 SELECT DISTINCT table_schema AS schema,
            column_name AS name,
            data_type AS type,
            is_nullable AS null, column_default AS default,
            character_maximum_length AS char_length,
            c.collation_name,
            d.description as comment,
            ordinal_position,
            c.numeric_precision as column_precision,
            c.numeric_scale as column_scale,
            pg_get_serial_sequence(attr.attrelid::regclass::text, attr.attname) IS NOT NULL AS has_serial
        FROM information_schema.columns c
        INNER JOIN pg_catalog.pg_namespace ns ON (ns.nspname = table_schema)
        INNER JOIN pg_catalog.pg_class cl ON (cl.relnamespace = ns.oid AND cl.relname = table_name)
        LEFT JOIN pg_catalog.pg_index i ON (i.indrelid = cl.oid AND i.indkey[0] = c.ordinal_position)
        LEFT JOIN pg_catalog.pg_description d on (cl.oid = d.objoid AND d.objsubid = c.ordinal_position)
        LEFT JOIN pg_catalog.pg_attribute attr ON (cl.oid = attr.attrelid AND column_name = attr.attname)
        WHERE table_name = 'usuarios' AND table_schema = 'wiki' AND table_catalog = 'db_desenv'
        ORDER BY ordinal_position
2018-02-08 18:26:21 Debug: duration=17 rows=1 SELECT
        c2.relname,
        a.attname,
        i.indisprimary,
        i.indisunique
        FROM pg_catalog.pg_namespace n
        INNER JOIN pg_catalog.pg_class c ON (n.oid = c.relnamespace)
        INNER JOIN pg_catalog.pg_index i ON (c.oid = i.indrelid)
        INNER JOIN pg_catalog.pg_class c2 ON (c2.oid = i.indexrelid)
        INNER JOIN pg_catalog.pg_attribute a ON (a.attrelid = c.oid AND i.indrelid::regclass = a.attrelid::regclass)
        WHERE n.nspname = 'wiki'
        AND a.attnum = ANY(i.indkey)
        AND c.relname = 'usuarios'
        ORDER BY i.indisprimary DESC, i.indisunique DESC, c.relname, a.attnum
2018-02-08 18:26:21 Debug: duration=5 rows=0 SELECT
        c.conname AS name,
        c.contype AS type,
        a.attname AS column_name,
        c.confmatchtype AS match_type,
        c.confupdtype AS on_update,
        c.confdeltype AS on_delete,
        c.confrelid::regclass AS references_table,
        ab.attname AS references_field
        FROM pg_catalog.pg_namespace n
        INNER JOIN pg_catalog.pg_class cl ON (n.oid = cl.relnamespace)
        INNER JOIN pg_catalog.pg_constraint c ON (n.oid = c.connamespace)
        INNER JOIN pg_catalog.pg_attribute a ON (a.attrelid = cl.oid AND c.conrelid = a.attrelid AND a.attnum = ANY(c.conkey))
        INNER JOIN pg_catalog.pg_attribute ab ON (a.attrelid = cl.oid AND c.confrelid = ab.attrelid AND ab.attnum = ANY(c.confkey))
        WHERE n.nspname = 'wiki'
        AND cl.relname = 'usuarios'
        ORDER BY name, a.attnum, ab.attnum DESC
2018-02-08 18:28:00 Debug: duration=0 rows=0 BEGIN
2018-02-08 18:28:00 Debug: duration=0 rows=0 COMMIT
2018-02-08 18:28:01 Debug: duration=0 rows=0 BEGIN
2018-02-08 18:28:01 Debug: duration=0 rows=0 COMMIT
2018-02-08 18:28:01 Debug: duration=0 rows=0 BEGIN
2018-02-08 18:28:01 Debug: duration=0 rows=0 COMMIT
2018-02-08 18:28:01 Debug: duration=0 rows=0 BEGIN
2018-02-08 18:28:01 Debug: duration=0 rows=0 COMMIT
2018-02-09 12:40:03 Debug: duration=31 rows=7 SELECT DISTINCT table_schema AS schema,
            column_name AS name,
            data_type AS type,
            is_nullable AS null, column_default AS default,
            character_maximum_length AS char_length,
            c.collation_name,
            d.description as comment,
            ordinal_position,
            c.numeric_precision as column_precision,
            c.numeric_scale as column_scale,
            pg_get_serial_sequence(attr.attrelid::regclass::text, attr.attname) IS NOT NULL AS has_serial
        FROM information_schema.columns c
        INNER JOIN pg_catalog.pg_namespace ns ON (ns.nspname = table_schema)
        INNER JOIN pg_catalog.pg_class cl ON (cl.relnamespace = ns.oid AND cl.relname = table_name)
        LEFT JOIN pg_catalog.pg_index i ON (i.indrelid = cl.oid AND i.indkey[0] = c.ordinal_position)
        LEFT JOIN pg_catalog.pg_description d on (cl.oid = d.objoid AND d.objsubid = c.ordinal_position)
        LEFT JOIN pg_catalog.pg_attribute attr ON (cl.oid = attr.attrelid AND column_name = attr.attname)
        WHERE table_name = 'paginas' AND table_schema = 'wiki' AND table_catalog = 'db_desenv'
        ORDER BY ordinal_position
2018-02-09 12:40:03 Debug: duration=4 rows=1 SELECT
        c2.relname,
        a.attname,
        i.indisprimary,
        i.indisunique
        FROM pg_catalog.pg_namespace n
        INNER JOIN pg_catalog.pg_class c ON (n.oid = c.relnamespace)
        INNER JOIN pg_catalog.pg_index i ON (c.oid = i.indrelid)
        INNER JOIN pg_catalog.pg_class c2 ON (c2.oid = i.indexrelid)
        INNER JOIN pg_catalog.pg_attribute a ON (a.attrelid = c.oid AND i.indrelid::regclass = a.attrelid::regclass)
        WHERE n.nspname = 'wiki'
        AND a.attnum = ANY(i.indkey)
        AND c.relname = 'paginas'
        ORDER BY i.indisprimary DESC, i.indisunique DESC, c.relname, a.attnum
2018-02-09 12:40:03 Debug: duration=4 rows=0 SELECT
        c.conname AS name,
        c.contype AS type,
        a.attname AS column_name,
        c.confmatchtype AS match_type,
        c.confupdtype AS on_update,
        c.confdeltype AS on_delete,
        c.confrelid::regclass AS references_table,
        ab.attname AS references_field
        FROM pg_catalog.pg_namespace n
        INNER JOIN pg_catalog.pg_class cl ON (n.oid = cl.relnamespace)
        INNER JOIN pg_catalog.pg_constraint c ON (n.oid = c.connamespace)
        INNER JOIN pg_catalog.pg_attribute a ON (a.attrelid = cl.oid AND c.conrelid = a.attrelid AND a.attnum = ANY(c.conkey))
        INNER JOIN pg_catalog.pg_attribute ab ON (a.attrelid = cl.oid AND c.confrelid = ab.attrelid AND ab.attnum = ANY(c.confkey))
        WHERE n.nspname = 'wiki'
        AND cl.relname = 'paginas'
        ORDER BY name, a.attnum, ab.attnum DESC
2018-02-09 12:40:03 Debug: duration=4 rows=0 SELECT Paginas.id AS "Paginas__id", Paginas.title AS "Paginas__title", Paginas.url AS "Paginas__url", Paginas.body AS "Paginas__body", Paginas.active AS "Paginas__active", Paginas.created AS "Paginas__created", Paginas.modified AS "Paginas__modified" FROM paginas Paginas WHERE active = 1 ORDER BY Paginas.created desc LIMIT 5 OFFSET 0
2018-02-09 12:40:04 Debug: duration=3 rows=1 SELECT (COUNT(*)) AS "count" FROM paginas Paginas WHERE active = 1
2018-02-09 12:40:05 Debug: duration=10 rows=9 SELECT DISTINCT table_schema AS schema,
            column_name AS name,
            data_type AS type,
            is_nullable AS null, column_default AS default,
            character_maximum_length AS char_length,
            c.collation_name,
            d.description as comment,
            ordinal_position,
            c.numeric_precision as column_precision,
            c.numeric_scale as column_scale,
            pg_get_serial_sequence(attr.attrelid::regclass::text, attr.attname) IS NOT NULL AS has_serial
        FROM information_schema.columns c
        INNER JOIN pg_catalog.pg_namespace ns ON (ns.nspname = table_schema)
        INNER JOIN pg_catalog.pg_class cl ON (cl.relnamespace = ns.oid AND cl.relname = table_name)
        LEFT JOIN pg_catalog.pg_index i ON (i.indrelid = cl.oid AND i.indkey[0] = c.ordinal_position)
        LEFT JOIN pg_catalog.pg_description d on (cl.oid = d.objoid AND d.objsubid = c.ordinal_position)
        LEFT JOIN pg_catalog.pg_attribute attr ON (cl.oid = attr.attrelid AND column_name = attr.attname)
        WHERE table_name = 'menus' AND table_schema = 'wiki' AND table_catalog = 'db_desenv'
        ORDER BY ordinal_position
2018-02-09 12:40:05 Debug: duration=3 rows=1 SELECT
        c2.relname,
        a.attname,
        i.indisprimary,
        i.indisunique
        FROM pg_catalog.pg_namespace n
        INNER JOIN pg_catalog.pg_class c ON (n.oid = c.relnamespace)
        INNER JOIN pg_catalog.pg_index i ON (c.oid = i.indrelid)
        INNER JOIN pg_catalog.pg_class c2 ON (c2.oid = i.indexrelid)
        INNER JOIN pg_catalog.pg_attribute a ON (a.attrelid = c.oid AND i.indrelid::regclass = a.attrelid::regclass)
        WHERE n.nspname = 'wiki'
        AND a.attnum = ANY(i.indkey)
        AND c.relname = 'menus'
        ORDER BY i.indisprimary DESC, i.indisunique DESC, c.relname, a.attnum
2018-02-09 12:40:05 Debug: duration=4 rows=0 SELECT
        c.conname AS name,
        c.contype AS type,
        a.attname AS column_name,
        c.confmatchtype AS match_type,
        c.confupdtype AS on_update,
        c.confdeltype AS on_delete,
        c.confrelid::regclass AS references_table,
        ab.attname AS references_field
        FROM pg_catalog.pg_namespace n
        INNER JOIN pg_catalog.pg_class cl ON (n.oid = cl.relnamespace)
        INNER JOIN pg_catalog.pg_constraint c ON (n.oid = c.connamespace)
        INNER JOIN pg_catalog.pg_attribute a ON (a.attrelid = cl.oid AND c.conrelid = a.attrelid AND a.attnum = ANY(c.conkey))
        INNER JOIN pg_catalog.pg_attribute ab ON (a.attrelid = cl.oid AND c.confrelid = ab.attrelid AND ab.attnum = ANY(c.confkey))
        WHERE n.nspname = 'wiki'
        AND cl.relname = 'menus'
        ORDER BY name, a.attnum, ab.attnum DESC
2018-02-09 12:40:05 Debug: duration=4 rows=0 SELECT DISTINCT ON (Menus.id) Menus.id AS "Menus__id", Menus.nome AS "Menus__nome", Menus.ativo AS "Menus__ativo", Menus.icone AS "Menus__icone", Menus.home AS "Menus__home", Menus.submenu AS "Menus__submenu", Menus.publico AS "Menus__publico", Menus.created AS "Menus__created", Menus.modified AS "Menus__modified" FROM menus Menus INNER JOIN menus_grupos MenusGrupos ON Menus.id = MenusGrupos.menus_id INNER JOIN grupos Grupos ON Grupos.id = MenusGrupos.grupos_id INNER JOIN grupos_usuarios Grupos_Usuarios ON Grupos.id = Grupos_Usuarios.grupos_id INNER JOIN usuarios Usuarios ON Usuarios.id = Grupos_Usuarios.usuarios_id WHERE (Menus.ativo = 1 AND Menus.publico = 1 AND Menus.submenu = 0)
2018-02-09 12:40:05 Debug: duration=3 rows=0 SELECT DISTINCT ON (Menus.id) Menus.id AS "Menus__id", Menus.nome AS "Menus__nome", Menus.ativo AS "Menus__ativo", Menus.icone AS "Menus__icone", Menus.home AS "Menus__home", Menus.submenu AS "Menus__submenu", Menus.publico AS "Menus__publico", Menus.created AS "Menus__created", Menus.modified AS "Menus__modified" FROM menus Menus INNER JOIN menus_grupos MenusGrupos ON Menus.id = MenusGrupos.menus_id INNER JOIN grupos Grupos ON Grupos.id = MenusGrupos.grupos_id INNER JOIN grupos_usuarios Grupos_Usuarios ON Grupos.id = Grupos_Usuarios.grupos_id INNER JOIN usuarios Usuarios ON Usuarios.id = Grupos_Usuarios.usuarios_id WHERE (Menus.ativo = 1 AND Menus.publico = 1 AND Menus.submenu = 1)
2018-02-09 12:43:53 Debug: duration=15 rows=9 SELECT DISTINCT table_schema AS schema,
            column_name AS name,
            data_type AS type,
            is_nullable AS null, column_default AS default,
            character_maximum_length AS char_length,
            c.collation_name,
            d.description as comment,
            ordinal_position,
            c.numeric_precision as column_precision,
            c.numeric_scale as column_scale,
            pg_get_serial_sequence(attr.attrelid::regclass::text, attr.attname) IS NOT NULL AS has_serial
        FROM information_schema.columns c
        INNER JOIN pg_catalog.pg_namespace ns ON (ns.nspname = table_schema)
        INNER JOIN pg_catalog.pg_class cl ON (cl.relnamespace = ns.oid AND cl.relname = table_name)
        LEFT JOIN pg_catalog.pg_index i ON (i.indrelid = cl.oid AND i.indkey[0] = c.ordinal_position)
        LEFT JOIN pg_catalog.pg_description d on (cl.oid = d.objoid AND d.objsubid = c.ordinal_position)
        LEFT JOIN pg_catalog.pg_attribute attr ON (cl.oid = attr.attrelid AND column_name = attr.attname)
        WHERE table_name = 'menus' AND table_schema = 'wiki' AND table_catalog = 'db_desenv'
        ORDER BY ordinal_position
2018-02-09 12:43:53 Debug: duration=3 rows=1 SELECT
        c2.relname,
        a.attname,
        i.indisprimary,
        i.indisunique
        FROM pg_catalog.pg_namespace n
        INNER JOIN pg_catalog.pg_class c ON (n.oid = c.relnamespace)
        INNER JOIN pg_catalog.pg_index i ON (c.oid = i.indrelid)
        INNER JOIN pg_catalog.pg_class c2 ON (c2.oid = i.indexrelid)
        INNER JOIN pg_catalog.pg_attribute a ON (a.attrelid = c.oid AND i.indrelid::regclass = a.attrelid::regclass)
        WHERE n.nspname = 'wiki'
        AND a.attnum = ANY(i.indkey)
        AND c.relname = 'menus'
        ORDER BY i.indisprimary DESC, i.indisunique DESC, c.relname, a.attnum
2018-02-09 12:43:53 Debug: duration=4 rows=0 SELECT
        c.conname AS name,
        c.contype AS type,
        a.attname AS column_name,
        c.confmatchtype AS match_type,
        c.confupdtype AS on_update,
        c.confdeltype AS on_delete,
        c.confrelid::regclass AS references_table,
        ab.attname AS references_field
        FROM pg_catalog.pg_namespace n
        INNER JOIN pg_catalog.pg_class cl ON (n.oid = cl.relnamespace)
        INNER JOIN pg_catalog.pg_constraint c ON (n.oid = c.connamespace)
        INNER JOIN pg_catalog.pg_attribute a ON (a.attrelid = cl.oid AND c.conrelid = a.attrelid AND a.attnum = ANY(c.conkey))
        INNER JOIN pg_catalog.pg_attribute ab ON (a.attrelid = cl.oid AND c.confrelid = ab.attrelid AND ab.attnum = ANY(c.confkey))
        WHERE n.nspname = 'wiki'
        AND cl.relname = 'menus'
        ORDER BY name, a.attnum, ab.attnum DESC
2018-02-09 12:43:53 Debug: duration=4 rows=0 SELECT DISTINCT ON (Menus.id) Menus.id AS "Menus__id", Menus.nome AS "Menus__nome", Menus.ativo AS "Menus__ativo", Menus.icone AS "Menus__icone", Menus.home AS "Menus__home", Menus.submenu AS "Menus__submenu", Menus.publico AS "Menus__publico", Menus.created AS "Menus__created", Menus.modified AS "Menus__modified" FROM menus Menus INNER JOIN menus_grupos MenusGrupos ON Menus.id = MenusGrupos.menus_id INNER JOIN grupos Grupos ON Grupos.id = MenusGrupos.grupos_id INNER JOIN grupos_usuarios Grupos_Usuarios ON Grupos.id = Grupos_Usuarios.grupos_id INNER JOIN usuarios Usuarios ON Usuarios.id = Grupos_Usuarios.usuarios_id WHERE (Menus.ativo = 1 AND Menus.publico = 1 AND Menus.submenu = 0)
2018-02-09 12:43:53 Debug: duration=3 rows=0 SELECT DISTINCT ON (Menus.id) Menus.id AS "Menus__id", Menus.nome AS "Menus__nome", Menus.ativo AS "Menus__ativo", Menus.icone AS "Menus__icone", Menus.home AS "Menus__home", Menus.submenu AS "Menus__submenu", Menus.publico AS "Menus__publico", Menus.created AS "Menus__created", Menus.modified AS "Menus__modified" FROM menus Menus INNER JOIN menus_grupos MenusGrupos ON Menus.id = MenusGrupos.menus_id INNER JOIN grupos Grupos ON Grupos.id = MenusGrupos.grupos_id INNER JOIN grupos_usuarios Grupos_Usuarios ON Grupos.id = Grupos_Usuarios.grupos_id INNER JOIN usuarios Usuarios ON Usuarios.id = Grupos_Usuarios.usuarios_id WHERE (Menus.ativo = 1 AND Menus.publico = 1 AND Menus.submenu = 1)
2018-02-09 12:44:02 Debug: duration=15 rows=10 SELECT DISTINCT table_schema AS schema,
            column_name AS name,
            data_type AS type,
            is_nullable AS null, column_default AS default,
            character_maximum_length AS char_length,
            c.collation_name,
            d.description as comment,
            ordinal_position,
            c.numeric_precision as column_precision,
            c.numeric_scale as column_scale,
            pg_get_serial_sequence(attr.attrelid::regclass::text, attr.attname) IS NOT NULL AS has_serial
        FROM information_schema.columns c
        INNER JOIN pg_catalog.pg_namespace ns ON (ns.nspname = table_schema)
        INNER JOIN pg_catalog.pg_class cl ON (cl.relnamespace = ns.oid AND cl.relname = table_name)
        LEFT JOIN pg_catalog.pg_index i ON (i.indrelid = cl.oid AND i.indkey[0] = c.ordinal_position)
        LEFT JOIN pg_catalog.pg_description d on (cl.oid = d.objoid AND d.objsubid = c.ordinal_position)
        LEFT JOIN pg_catalog.pg_attribute attr ON (cl.oid = attr.attrelid AND column_name = attr.attname)
        WHERE table_name = 'parametros' AND table_schema = 'wiki' AND table_catalog = 'db_desenv'
        ORDER BY ordinal_position
2018-02-09 12:44:02 Debug: duration=4 rows=1 SELECT
        c2.relname,
        a.attname,
        i.indisprimary,
        i.indisunique
        FROM pg_catalog.pg_namespace n
        INNER JOIN pg_catalog.pg_class c ON (n.oid = c.relnamespace)
        INNER JOIN pg_catalog.pg_index i ON (c.oid = i.indrelid)
        INNER JOIN pg_catalog.pg_class c2 ON (c2.oid = i.indexrelid)
        INNER JOIN pg_catalog.pg_attribute a ON (a.attrelid = c.oid AND i.indrelid::regclass = a.attrelid::regclass)
        WHERE n.nspname = 'wiki'
        AND a.attnum = ANY(i.indkey)
        AND c.relname = 'parametros'
        ORDER BY i.indisprimary DESC, i.indisunique DESC, c.relname, a.attnum
2018-02-09 12:44:02 Debug: duration=4 rows=0 SELECT
        c.conname AS name,
        c.contype AS type,
        a.attname AS column_name,
        c.confmatchtype AS match_type,
        c.confupdtype AS on_update,
        c.confdeltype AS on_delete,
        c.confrelid::regclass AS references_table,
        ab.attname AS references_field
        FROM pg_catalog.pg_namespace n
        INNER JOIN pg_catalog.pg_class cl ON (n.oid = cl.relnamespace)
        INNER JOIN pg_catalog.pg_constraint c ON (n.oid = c.connamespace)
        INNER JOIN pg_catalog.pg_attribute a ON (a.attrelid = cl.oid AND c.conrelid = a.attrelid AND a.attnum = ANY(c.conkey))
        INNER JOIN pg_catalog.pg_attribute ab ON (a.attrelid = cl.oid AND c.confrelid = ab.attrelid AND ab.attnum = ANY(c.confkey))
        WHERE n.nspname = 'wiki'
        AND cl.relname = 'parametros'
        ORDER BY name, a.attnum, ab.attnum DESC
2018-02-09 12:44:02 Debug: duration=3 rows=6 SELECT Parametros.chave AS "Parametros__chave", Parametros.valor AS "Parametros__valor" FROM parametros Parametros
2018-02-09 12:44:18 Debug: duration=5 rows=6 SELECT Parametros.chave AS "Parametros__chave", Parametros.valor AS "Parametros__valor" FROM parametros Parametros
2018-02-09 12:45:00 Debug: duration=17 rows=7 SELECT DISTINCT table_schema AS schema,
            column_name AS name,
            data_type AS type,
            is_nullable AS null, column_default AS default,
            character_maximum_length AS char_length,
            c.collation_name,
            d.description as comment,
            ordinal_position,
            c.numeric_precision as column_precision,
            c.numeric_scale as column_scale,
            pg_get_serial_sequence(attr.attrelid::regclass::text, attr.attname) IS NOT NULL AS has_serial
        FROM information_schema.columns c
        INNER JOIN pg_catalog.pg_namespace ns ON (ns.nspname = table_schema)
        INNER JOIN pg_catalog.pg_class cl ON (cl.relnamespace = ns.oid AND cl.relname = table_name)
        LEFT JOIN pg_catalog.pg_index i ON (i.indrelid = cl.oid AND i.indkey[0] = c.ordinal_position)
        LEFT JOIN pg_catalog.pg_description d on (cl.oid = d.objoid AND d.objsubid = c.ordinal_position)
        LEFT JOIN pg_catalog.pg_attribute attr ON (cl.oid = attr.attrelid AND column_name = attr.attname)
        WHERE table_name = 'paginas' AND table_schema = 'wiki' AND table_catalog = 'db_desenv'
        ORDER BY ordinal_position
2018-02-09 12:45:00 Debug: duration=6 rows=1 SELECT
        c2.relname,
        a.attname,
        i.indisprimary,
        i.indisunique
        FROM pg_catalog.pg_namespace n
        INNER JOIN pg_catalog.pg_class c ON (n.oid = c.relnamespace)
        INNER JOIN pg_catalog.pg_index i ON (c.oid = i.indrelid)
        INNER JOIN pg_catalog.pg_class c2 ON (c2.oid = i.indexrelid)
        INNER JOIN pg_catalog.pg_attribute a ON (a.attrelid = c.oid AND i.indrelid::regclass = a.attrelid::regclass)
        WHERE n.nspname = 'wiki'
        AND a.attnum = ANY(i.indkey)
        AND c.relname = 'paginas'
        ORDER BY i.indisprimary DESC, i.indisunique DESC, c.relname, a.attnum
2018-02-09 12:45:00 Debug: duration=4 rows=0 SELECT
        c.conname AS name,
        c.contype AS type,
        a.attname AS column_name,
        c.confmatchtype AS match_type,
        c.confupdtype AS on_update,
        c.confdeltype AS on_delete,
        c.confrelid::regclass AS references_table,
        ab.attname AS references_field
        FROM pg_catalog.pg_namespace n
        INNER JOIN pg_catalog.pg_class cl ON (n.oid = cl.relnamespace)
        INNER JOIN pg_catalog.pg_constraint c ON (n.oid = c.connamespace)
        INNER JOIN pg_catalog.pg_attribute a ON (a.attrelid = cl.oid AND c.conrelid = a.attrelid AND a.attnum = ANY(c.conkey))
        INNER JOIN pg_catalog.pg_attribute ab ON (a.attrelid = cl.oid AND c.confrelid = ab.attrelid AND ab.attnum = ANY(c.confkey))
        WHERE n.nspname = 'wiki'
        AND cl.relname = 'paginas'
        ORDER BY name, a.attnum, ab.attnum DESC
2018-02-09 12:45:00 Debug: duration=3 rows=0 SELECT Paginas.id AS "Paginas__id", Paginas.title AS "Paginas__title", Paginas.url AS "Paginas__url", Paginas.body AS "Paginas__body", Paginas.active AS "Paginas__active", Paginas.created AS "Paginas__created", Paginas.modified AS "Paginas__modified" FROM paginas Paginas WHERE active = 1 ORDER BY Paginas.created desc LIMIT 5 OFFSET 0
2018-02-09 12:45:00 Debug: duration=2 rows=1 SELECT (COUNT(*)) AS "count" FROM paginas Paginas WHERE active = 1
2018-02-09 12:45:00 Debug: duration=4 rows=0 SELECT DISTINCT ON (Menus.id) Menus.id AS "Menus__id", Menus.nome AS "Menus__nome", Menus.ativo AS "Menus__ativo", Menus.icone AS "Menus__icone", Menus.home AS "Menus__home", Menus.submenu AS "Menus__submenu", Menus.publico AS "Menus__publico", Menus.created AS "Menus__created", Menus.modified AS "Menus__modified" FROM menus Menus INNER JOIN menus_grupos MenusGrupos ON Menus.id = MenusGrupos.menus_id INNER JOIN grupos Grupos ON Grupos.id = MenusGrupos.grupos_id INNER JOIN grupos_usuarios Grupos_Usuarios ON Grupos.id = Grupos_Usuarios.grupos_id INNER JOIN usuarios Usuarios ON Usuarios.id = Grupos_Usuarios.usuarios_id WHERE (Menus.ativo = 1 AND Menus.publico = 1 AND Menus.submenu = 0)
2018-02-09 12:45:00 Debug: duration=3 rows=0 SELECT DISTINCT ON (Menus.id) Menus.id AS "Menus__id", Menus.nome AS "Menus__nome", Menus.ativo AS "Menus__ativo", Menus.icone AS "Menus__icone", Menus.home AS "Menus__home", Menus.submenu AS "Menus__submenu", Menus.publico AS "Menus__publico", Menus.created AS "Menus__created", Menus.modified AS "Menus__modified" FROM menus Menus INNER JOIN menus_grupos MenusGrupos ON Menus.id = MenusGrupos.menus_id INNER JOIN grupos Grupos ON Grupos.id = MenusGrupos.grupos_id INNER JOIN grupos_usuarios Grupos_Usuarios ON Grupos.id = Grupos_Usuarios.grupos_id INNER JOIN usuarios Usuarios ON Usuarios.id = Grupos_Usuarios.usuarios_id WHERE (Menus.ativo = 1 AND Menus.publico = 1 AND Menus.submenu = 1)
2018-02-09 12:45:05 Debug: duration=5 rows=0 SELECT DISTINCT ON (Menus.id) Menus.id AS "Menus__id", Menus.nome AS "Menus__nome", Menus.ativo AS "Menus__ativo", Menus.icone AS "Menus__icone", Menus.home AS "Menus__home", Menus.submenu AS "Menus__submenu", Menus.publico AS "Menus__publico", Menus.created AS "Menus__created", Menus.modified AS "Menus__modified" FROM menus Menus INNER JOIN menus_grupos MenusGrupos ON Menus.id = MenusGrupos.menus_id INNER JOIN grupos Grupos ON Grupos.id = MenusGrupos.grupos_id INNER JOIN grupos_usuarios Grupos_Usuarios ON Grupos.id = Grupos_Usuarios.grupos_id INNER JOIN usuarios Usuarios ON Usuarios.id = Grupos_Usuarios.usuarios_id WHERE (Menus.ativo = 1 AND Menus.publico = 1 AND Menus.submenu = 0)
2018-02-09 12:45:05 Debug: duration=3 rows=0 SELECT DISTINCT ON (Menus.id) Menus.id AS "Menus__id", Menus.nome AS "Menus__nome", Menus.ativo AS "Menus__ativo", Menus.icone AS "Menus__icone", Menus.home AS "Menus__home", Menus.submenu AS "Menus__submenu", Menus.publico AS "Menus__publico", Menus.created AS "Menus__created", Menus.modified AS "Menus__modified" FROM menus Menus INNER JOIN menus_grupos MenusGrupos ON Menus.id = MenusGrupos.menus_id INNER JOIN grupos Grupos ON Grupos.id = MenusGrupos.grupos_id INNER JOIN grupos_usuarios Grupos_Usuarios ON Grupos.id = Grupos_Usuarios.grupos_id INNER JOIN usuarios Usuarios ON Usuarios.id = Grupos_Usuarios.usuarios_id WHERE (Menus.ativo = 1 AND Menus.publico = 1 AND Menus.submenu = 1)
2018-02-09 12:45:10 Debug: duration=5 rows=6 SELECT Parametros.chave AS "Parametros__chave", Parametros.valor AS "Parametros__valor" FROM parametros Parametros
2018-02-09 12:46:50 Debug: duration=16 rows=10 SELECT DISTINCT table_schema AS schema,
            column_name AS name,
            data_type AS type,
            is_nullable AS null, column_default AS default,
            character_maximum_length AS char_length,
            c.collation_name,
            d.description as comment,
            ordinal_position,
            c.numeric_precision as column_precision,
            c.numeric_scale as column_scale,
            pg_get_serial_sequence(attr.attrelid::regclass::text, attr.attname) IS NOT NULL AS has_serial
        FROM information_schema.columns c
        INNER JOIN pg_catalog.pg_namespace ns ON (ns.nspname = table_schema)
        INNER JOIN pg_catalog.pg_class cl ON (cl.relnamespace = ns.oid AND cl.relname = table_name)
        LEFT JOIN pg_catalog.pg_index i ON (i.indrelid = cl.oid AND i.indkey[0] = c.ordinal_position)
        LEFT JOIN pg_catalog.pg_description d on (cl.oid = d.objoid AND d.objsubid = c.ordinal_position)
        LEFT JOIN pg_catalog.pg_attribute attr ON (cl.oid = attr.attrelid AND column_name = attr.attname)
        WHERE table_name = 'parametros' AND table_schema = 'wiki' AND table_catalog = 'db_desenv'
        ORDER BY ordinal_position
2018-02-09 12:46:50 Debug: duration=4 rows=1 SELECT
        c2.relname,
        a.attname,
        i.indisprimary,
        i.indisunique
        FROM pg_catalog.pg_namespace n
        INNER JOIN pg_catalog.pg_class c ON (n.oid = c.relnamespace)
        INNER JOIN pg_catalog.pg_index i ON (c.oid = i.indrelid)
        INNER JOIN pg_catalog.pg_class c2 ON (c2.oid = i.indexrelid)
        INNER JOIN pg_catalog.pg_attribute a ON (a.attrelid = c.oid AND i.indrelid::regclass = a.attrelid::regclass)
        WHERE n.nspname = 'wiki'
        AND a.attnum = ANY(i.indkey)
        AND c.relname = 'parametros'
        ORDER BY i.indisprimary DESC, i.indisunique DESC, c.relname, a.attnum
2018-02-09 12:46:50 Debug: duration=4 rows=0 SELECT
        c.conname AS name,
        c.contype AS type,
        a.attname AS column_name,
        c.confmatchtype AS match_type,
        c.confupdtype AS on_update,
        c.confdeltype AS on_delete,
        c.confrelid::regclass AS references_table,
        ab.attname AS references_field
        FROM pg_catalog.pg_namespace n
        INNER JOIN pg_catalog.pg_class cl ON (n.oid = cl.relnamespace)
        INNER JOIN pg_catalog.pg_constraint c ON (n.oid = c.connamespace)
        INNER JOIN pg_catalog.pg_attribute a ON (a.attrelid = cl.oid AND c.conrelid = a.attrelid AND a.attnum = ANY(c.conkey))
        INNER JOIN pg_catalog.pg_attribute ab ON (a.attrelid = cl.oid AND c.confrelid = ab.attrelid AND ab.attnum = ANY(c.confkey))
        WHERE n.nspname = 'wiki'
        AND cl.relname = 'parametros'
        ORDER BY name, a.attnum, ab.attnum DESC
2018-02-09 12:46:50 Debug: duration=3 rows=6 SELECT Parametros.chave AS "Parametros__chave", Parametros.valor AS "Parametros__valor" FROM parametros Parametros
